<?xml version="1.0" encoding="UTF-8"?>
<!-- Generated by org.testng.reporters.JUnitReportReporter -->
<testsuite hostname="LAPTOP-UGCUSIMS" failures="0" tests="1" name="com.comcast.crm.orgtest.CreateOrganizationWithPhoneNumberTest" time="9.353" errors="0" timestamp="24 Dec 2025 05:17:32 GMT" skipped="0">
  <testcase classname="com.comcast.crm.orgtest.CreateOrganizationWithPhoneNumberTest" name="createOrganizationWithPhoneNumberTest" time="9.353"/>
</testsuite> <!-- com.comcast.crm.orgtest.CreateOrganizationWithPhoneNumberTest -->
