<?xml version="1.0" encoding="UTF-8"?>
<!-- Generated by org.testng.reporters.JUnitReportReporter -->
<testsuite hostname="LAPTOP-UGCUSIMS" failures="0" tests="3" name="com.comcast.crm.orgtest.CreateOrganizationTest" time="24.133" errors="0" timestamp="31 Dec 2025 10:13:55 GMT" skipped="0">
  <testcase classname="com.comcast.crm.orgtest.CreateOrganizationTest" name="createOrganizationTest" time="8.910"/>
  <testcase classname="com.comcast.crm.orgtest.CreateOrganizationTest" name="createOrganizationWithIndustryAndTypeTest" time="7.913"/>
  <testcase classname="com.comcast.crm.orgtest.CreateOrganizationTest" name="createOrganizationWithPhoneNumberTest" time="7.310"/>
</testsuite> <!-- com.comcast.crm.orgtest.CreateOrganizationTest -->
