<?xml version="1.0" encoding="UTF-8"?>
<!-- Generated by org.testng.reporters.JUnitReportReporter -->
<testsuite hostname="LAPTOP-UGCUSIMS" failures="0" tests="1" name="com.comcast.crm.orgtest.CreateOrganizationWithIndustryAndTypeTest" time="9.590" errors="0" timestamp="24 Dec 2025 05:20:01 GMT" skipped="0">
  <testcase classname="com.comcast.crm.orgtest.CreateOrganizationWithIndustryAndTypeTest" name="createOrganizationWithIndustryAndTypeTest" time="9.590"/>
</testsuite> <!-- com.comcast.crm.orgtest.CreateOrganizationWithIndustryAndTypeTest -->
