<?xml version="1.0" encoding="UTF-8"?>
<!-- Generated by org.testng.reporters.JUnitXMLReporter -->
<testsuite ignored="0" hostname="LAPTOP-UGCUSIMS" failures="1" tests="6" name="Default test(failed)" time="29.014" errors="0" timestamp="27 Dec 2025 07:53:57 GMT">
  <testcase classname="practice.test.InvoiceTest" name="activateSim" time="0.07">
    <skipped/>
  </testcase> <!-- activateSim -->
  <testcase classname="practice.test.InvoiceTest" name="activateSim" time="0.02">
    <skipped/>
  </testcase> <!-- activateSim -->
  <testcase classname="practice.test.InvoiceTest" name="activateSim" time="0.02">
    <skipped/>
  </testcase> <!-- activateSim -->
  <testcase classname="practice.test.InvoiceTest" name="activateSim" time="0.018">
    <skipped/>
  </testcase> <!-- activateSim -->
  <testcase classname="practice.test.InvoiceTest" name="activateSim" time="0.02">
    <skipped/>
  </testcase> <!-- activateSim -->
  <testcase classname="practice.test.InvoiceTest" name="activateSim" time="1.272">
    <failure type="java.lang.AssertionError" message="expected [login] but found [Admin123@ Administrator1 - Home - vtiger CRM 5 - Commercial Open Source CRM]">
      <![CDATA[java.lang.AssertionError: expected [login] but found [Admin123@ Administrator1 - Home - vtiger CRM 5 - Commercial Open Source CRM]
at practice.test.InvoiceTest.activateSim(InvoiceTest.java:16)
... Removed 29 stack frames]]>
    </failure>
  </testcase> <!-- activateSim -->
</testsuite> <!-- Default test(failed) -->
