<?xml version="1.0" encoding="UTF-8"?>
<testng-results ignored="0" total="3" passed="3" failed="0" skipped="0">
  <reporter-output>
  </reporter-output>
  <suite started-at="2025-12-31T10:13:29Z" name="Default suite" finished-at="2025-12-31T10:13:54Z" duration-ms="25603">
    <groups>
      <group name="regressionTest">
        <method signature="CreateOrganizationTest.createOrganizationWithIndustryAndTypeTest()[pri:0, instance:com.comcast.crm.orgtest.CreateOrganizationTest@536f2a7e]" name="createOrganizationWithIndustryAndTypeTest" class="com.comcast.crm.orgtest.CreateOrganizationTest"/>
        <method signature="CreateOrganizationTest.createOrganizationWithPhoneNumberTest()[pri:0, instance:com.comcast.crm.orgtest.CreateOrganizationTest@536f2a7e]" name="createOrganizationWithPhoneNumberTest" class="com.comcast.crm.orgtest.CreateOrganizationTest"/>
      </group> <!-- regressionTest -->
      <group name="smokeTest">
        <method signature="CreateOrganizationTest.createOrganizationTest()[pri:0, instance:com.comcast.crm.orgtest.CreateOrganizationTest@536f2a7e]" name="createOrganizationTest" class="com.comcast.crm.orgtest.CreateOrganizationTest"/>
      </group> <!-- smokeTest -->
    </groups>
    <test started-at="2025-12-31T10:13:29Z" name="Default test" finished-at="2025-12-31T10:13:54Z" duration-ms="25603">
      <class name="com.comcast.crm.orgtest.CreateOrganizationTest">
        <test-method is-config="true" signature="configBS()[pri:0, instance:com.comcast.crm.orgtest.CreateOrganizationTest@536f2a7e]" started-at="2025-12-31T10:13:28Z" name="configBS" finished-at="2025-12-31T10:13:29Z" duration-ms="252" status="PASS">
          <reporter-output>
          </reporter-output>
        </test-method> <!-- configBS -->
        <test-method is-config="true" signature="configBC()[pri:0, instance:com.comcast.crm.orgtest.CreateOrganizationTest@536f2a7e]" started-at="2025-12-31T10:13:29Z" name="configBC" finished-at="2025-12-31T10:13:30Z" duration-ms="1254" status="PASS">
          <reporter-output>
          </reporter-output>
        </test-method> <!-- configBC -->
        <test-method is-config="true" signature="configBM()[pri:0, instance:com.comcast.crm.orgtest.CreateOrganizationTest@536f2a7e]" started-at="2025-12-31T10:13:30Z" name="configBM" finished-at="2025-12-31T10:13:33Z" duration-ms="3037" status="PASS">
          <reporter-output>
          </reporter-output>
        </test-method> <!-- configBM -->
        <test-method signature="createOrganizationTest()[pri:0, instance:com.comcast.crm.orgtest.CreateOrganizationTest@536f2a7e]" started-at="2025-12-31T10:13:33Z" name="createOrganizationTest" finished-at="2025-12-31T10:13:38Z" duration-ms="4971" status="PASS">
          <reporter-output>
          </reporter-output>
        </test-method> <!-- createOrganizationTest -->
        <test-method is-config="true" signature="configAM()[pri:0, instance:com.comcast.crm.orgtest.CreateOrganizationTest@536f2a7e]" started-at="2025-12-31T10:13:38Z" name="configAM" finished-at="2025-12-31T10:13:39Z" duration-ms="902" status="PASS">
          <reporter-output>
          </reporter-output>
        </test-method> <!-- configAM -->
        <test-method is-config="true" signature="configBM()[pri:0, instance:com.comcast.crm.orgtest.CreateOrganizationTest@536f2a7e]" started-at="2025-12-31T10:13:39Z" name="configBM" finished-at="2025-12-31T10:13:40Z" duration-ms="1493" status="PASS">
          <reporter-output>
          </reporter-output>
        </test-method> <!-- configBM -->
        <test-method signature="createOrganizationWithIndustryAndTypeTest()[pri:0, instance:com.comcast.crm.orgtest.CreateOrganizationTest@536f2a7e]" started-at="2025-12-31T10:13:40Z" name="createOrganizationWithIndustryAndTypeTest" finished-at="2025-12-31T10:13:46Z" duration-ms="5580" status="PASS">
          <reporter-output>
          </reporter-output>
        </test-method> <!-- createOrganizationWithIndustryAndTypeTest -->
        <test-method is-config="true" signature="configAM()[pri:0, instance:com.comcast.crm.orgtest.CreateOrganizationTest@536f2a7e]" started-at="2025-12-31T10:13:46Z" name="configAM" finished-at="2025-12-31T10:13:47Z" duration-ms="854" status="PASS">
          <reporter-output>
          </reporter-output>
        </test-method> <!-- configAM -->
        <test-method is-config="true" signature="configBM()[pri:0, instance:com.comcast.crm.orgtest.CreateOrganizationTest@536f2a7e]" started-at="2025-12-31T10:13:47Z" name="configBM" finished-at="2025-12-31T10:13:48Z" duration-ms="1391" status="PASS">
          <reporter-output>
          </reporter-output>
        </test-method> <!-- configBM -->
        <test-method signature="createOrganizationWithPhoneNumberTest()[pri:0, instance:com.comcast.crm.orgtest.CreateOrganizationTest@536f2a7e]" started-at="2025-12-31T10:13:48Z" name="createOrganizationWithPhoneNumberTest" finished-at="2025-12-31T10:13:53Z" duration-ms="5065" status="PASS">
          <reporter-output>
          </reporter-output>
        </test-method> <!-- createOrganizationWithPhoneNumberTest -->
        <test-method is-config="true" signature="configAM()[pri:0, instance:com.comcast.crm.orgtest.CreateOrganizationTest@536f2a7e]" started-at="2025-12-31T10:13:53Z" name="configAM" finished-at="2025-12-31T10:13:54Z" duration-ms="840" status="PASS">
          <reporter-output>
          </reporter-output>
        </test-method> <!-- configAM -->
        <test-method is-config="true" signature="confiAC()[pri:0, instance:com.comcast.crm.orgtest.CreateOrganizationTest@536f2a7e]" started-at="2025-12-31T10:13:54Z" name="confiAC" finished-at="2025-12-31T10:13:54Z" duration-ms="197" status="PASS">
          <reporter-output>
          </reporter-output>
        </test-method> <!-- confiAC -->
        <test-method is-config="true" signature="configAS()[pri:0, instance:com.comcast.crm.orgtest.CreateOrganizationTest@536f2a7e]" started-at="2025-12-31T10:13:54Z" name="configAS" finished-at="2025-12-31T10:13:54Z" duration-ms="2" status="PASS">
          <reporter-output>
          </reporter-output>
        </test-method> <!-- configAS -->
      </class> <!-- com.comcast.crm.orgtest.CreateOrganizationTest -->
    </test> <!-- Default test -->
  </suite> <!-- Default suite -->
</testng-results>
